<?xml version="1.0" encoding="UTF-8"?>
<!-- Generated by org.testng.reporters.JUnitReportReporter -->
<testsuite skipped="0" hostname="Sampada-PC" name="com.facebook.TestCases.LoginPageTest" tests="2" failures="0" timestamp="29 Jan 2019 10:46:48 GMT" time="9.489" errors="0">
  <testcase name="verifyTitleTest" time="0.043" classname="com.facebook.TestCases.LoginPageTest"/>
  <testcase name="verifyLoginTest" time="9.446" classname="com.facebook.TestCases.LoginPageTest"/>
</testsuite> <!-- com.facebook.TestCases.LoginPageTest -->
